<?xml version="1.0" encoding="UTF-8"?>
<testsuite xmlns:xsi="http://www.w3.org/2001/XMLSchema-instance" xsi:noNamespaceSchemaLocation="https://maven.apache.org/surefire/maven-surefire-plugin/xsd/surefire-test-report-3.0.xsd" version="3.0" name="de.mhus.sample.quarkus.ExampleResourceTest" time="6.823" tests="1" errors="0" skipped="0" failures="0">
  <properties>
[...]
</properties>
  <testcase name="testHelloEndpoint" classname="de.mhus.sample.quarkus.ExampleResourceTest" time="1.402">
    <system-out><![CDATA[Downloading from vaadin-addons: http://maven.vaadin.com/vaadin-addons/de/mhus/lib/lib-annotations/7.4.0-SNAPSHOT/maven-metadata.xml
Downloading from vaadin-addons: http://maven.vaadin.com/vaadin-addons/de/mhus/lib/mhus-lib/7.4.0-SNAPSHOT/maven-metadata.xml
Downloading from vaadin-addons: http://maven.vaadin.com/vaadin-addons/de/mhus/lib/lib-core/7.4.0-SNAPSHOT/maven-metadata.xml
Downloading from vaadin-addons: http://maven.vaadin.com/vaadin-addons/de/mhus/lib/lib-junit/7.4.0-SNAPSHOT/maven-metadata.xml
2021-03-25 10:47:52,931 INFO  [io.quarkus] (main) Quarkus 1.11.3.Final on JVM started in 1.880s. Listening on: http://localhost:8081
2021-03-25 10:47:52,933 INFO  [io.quarkus] (main) Profile test activated. 
2021-03-25 10:47:52,933 INFO  [io.quarkus] (main) Installed features: [cdi, resteasy]
RsExtension:ContainerRequestFilter
ContainerRequestFilterExtension
ContainerResponseFilter
RsExtension:ContainerResponseFilter
JaxRsExtension:aroundWriteTo
RsExtension:aroundWriteTo
]]></system-out>
  </testcase>
</testsuite>